<?xml version="1.0" encoding="UTF-8"?>
<testsuite name="org.hyperledger.fabric.samples.assettransfer.AssetTransferTest$DeleteAssetTransaction" tests="1" skipped="0" failures="0" errors="0" timestamp="2021-05-04T22:33:36" hostname="ip-172-31-11-241" time="0.003">
  <properties/>
  <testcase name="whenAssetDoesNotExist()" classname="org.hyperledger.fabric.samples.assettransfer.AssetTransferTest$DeleteAssetTransaction" time="0.003"/>
  <system-out><![CDATA[]]></system-out>
  <system-err><![CDATA[]]></system-err>
</testsuite>
