<?xml version="1.0" encoding="UTF-8"?>
<testsuite name="org.hyperledger.fabric.samples.assettransfer.AssetTest" tests="1" skipped="0" failures="0" errors="0" timestamp="2021-05-04T22:33:35" hostname="ip-172-31-11-241" time="0.019">
  <properties/>
  <testcase name="toStringIdentifiesAsset()" classname="org.hyperledger.fabric.samples.assettransfer.AssetTest" time="0.019"/>
  <system-out><![CDATA[]]></system-out>
  <system-err><![CDATA[]]></system-err>
</testsuite>
